# project  configured on Sun Jun 23 14:16:01 2024 by
# waf 2.0.27 (abi 20, python 30a0cf0 on linux)
# using /home/lavanya/ros2_ws/src/ardupilot/modules/waf/waf-light configure --board sitl --enable-dds
#
----------------------------------------
Setting top to
/home/lavanya/ros2_ws/src/ardupilot
----------------------------------------
Setting out to
/home/lavanya/ros2_ws/src/ardupilot/build
----------------------------------------
Autoconfiguration
enabled
----------------------------------------
Checking for program 'python'
/usr/bin/python3
find program=['python'] paths=['/home/lavanya/ros2_ws/install/ardupilot_sitl/bin', '/opt/ros/humble/bin', '/usr/lib/ccache', '/home/lavanya/ardupilot/Tools/autotest', '/opt/gcc-arm-none-eabi-10-2020-q4-major/bin', '/home/lavanya/.local/bin', '/usr/local/sbin', '/usr/local/bin', '/usr/sbin', '/usr/bin', '/sbin', '/bin', '/usr/games', '/usr/local/games', '/snap/bin', '/snap/bin', '/home/lavanya/ros2_ws/Micro-XRCE-DDS-Gen/scripts', '/home/lavanya/ros2_ws/Micro-XRCE-DDS-Gen/scripts', '/path/to/mavproxy'] var='PYTHON' -> ['/usr/bin/python3']
['/usr/bin/python3', '-c', 'import sys\ntry:\n print(sys.implementation.cache_tag)\nexcept AttributeError:\n import imp\n print(imp.get_tag())\n']
out: cpython-310

['/usr/bin/python3', '-c', 'import sys\nfor x in sys.version_info: print(str(x))']
out: 3
10
12
final
0

['/usr/bin/python3', '-c', "\ntry:\n\tfrom distutils.sysconfig import get_config_var, get_python_lib\nexcept ImportError:\n\tfrom sysconfig import get_config_var, get_path\n\tdef get_python_lib(*k, **kw):\n\t\tkeyword='platlib' if kw.get('plat_specific') else 'purelib'\n\t\tif 'prefix' in kw:\n\t\t\treturn get_path(keyword, vars={'installed_base': kw['prefix'], 'platbase': kw['prefix']})\n\t\treturn get_path(keyword)\n\nprint(repr(get_python_lib(standard_lib=0, prefix='/usr') or ''))"]
out: '/usr/lib/python3/dist-packages'

'/usr/lib/python3/dist-packages'

['/usr/bin/python3', '-c', "\ntry:\n\tfrom distutils.sysconfig import get_config_var, get_python_lib\nexcept ImportError:\n\tfrom sysconfig import get_config_var, get_path\n\tdef get_python_lib(*k, **kw):\n\t\tkeyword='platlib' if kw.get('plat_specific') else 'purelib'\n\t\tif 'prefix' in kw:\n\t\t\treturn get_path(keyword, vars={'installed_base': kw['prefix'], 'platbase': kw['prefix']})\n\t\treturn get_path(keyword)\n\nprint(repr(get_python_lib(plat_specific=1, standard_lib=0, prefix='/usr') or ''))"]
out: '/usr/lib/python3/dist-packages'

'/usr/lib/python3/dist-packages'

----------------------------------------
Checking for python version >= 3.6.9
3.10.12
----------------------------------------
Setting board to
sitl
----------------------------------------
Using toolchain
native
----------------------------------------
Checking for 'g++' (C++ compiler)
find program=['g++', 'c++'] paths=['/home/lavanya/ros2_ws/install/ardupilot_sitl/bin', '/opt/ros/humble/bin', '/usr/lib/ccache', '/home/lavanya/ardupilot/Tools/autotest', '/opt/gcc-arm-none-eabi-10-2020-q4-major/bin', '/home/lavanya/.local/bin', '/usr/local/sbin', '/usr/local/bin', '/usr/sbin', '/usr/bin', '/sbin', '/bin', '/usr/games', '/usr/local/games', '/snap/bin', '/snap/bin', '/home/lavanya/ros2_ws/Micro-XRCE-DDS-Gen/scripts', '/home/lavanya/ros2_ws/Micro-XRCE-DDS-Gen/scripts', '/path/to/mavproxy'] var='CXX' -> ['/usr/lib/ccache/g++']
['/usr/lib/ccache/g++', '-dM', '-E', '-']
out: #define __SSP_STRONG__ 3
#define __DBL_MIN_EXP__ (-1021)
#define __UINT_LEAST16_MAX__ 0xffff
#define __ATOMIC_ACQUIRE 2
#define __FLT128_MAX_10_EXP__ 4932
#define __FLT_MIN__ 1.17549435082228750796873653722224568e-38F
#define __GCC_IEC_559_COMPLEX 2
#define __UINT_LEAST8_TYPE__ unsigned char
#define __SIZEOF_FLOAT80__ 16
#define __INTMAX_C(c) c ## L
#define __CHAR_BIT__ 8
#define __UINT8_MAX__ 0xff
#define __SCHAR_WIDTH__ 8
#define __WINT_MAX__ 0xffffffffU
#define __FLT32_MIN_EXP__ (-125)
#define __ORDER_LITTLE_ENDIAN__ 1234
#define __SIZE_MAX__ 0xffffffffffffffffUL
#define __WCHAR_MAX__ 0x7fffffff
#define __GCC_HAVE_SYNC_COMPARE_AND_SWAP_1 1
#define __GCC_HAVE_SYNC_COMPARE_AND_SWAP_2 1
#define __GCC_HAVE_SYNC_COMPARE_AND_SWAP_4 1
#define __DBL_DENORM_MIN__ ((double)4.94065645841246544176568792868221372e-324L)
#define __GCC_HAVE_SYNC_COMPARE_AND_SWAP_8 1
#define __GCC_ATOMIC_CHAR_LOCK_FREE 2
#define __GCC_IEC_559 2
#define __FLT32X_DECIMAL_DIG__ 17
#define __FLT_EVAL_METHOD__ 0
#define __FLT64_DECIMAL_DIG__ 17
#define __CET__ 3
#define __GCC_ATOMIC_CHAR32_T_LOCK_FREE 2
#define __UINT_FAST64_MAX__ 0xffffffffffffffffUL
#define __SIG_ATOMIC_TYPE__ int
#define __DBL_MIN_10_EXP__ (-307)
#define __FINITE_MATH_ONLY__ 0
#define __FLT32X_MAX_EXP__ 1024
#define __FLT32_HAS_DENORM__ 1
#define __UINT_FAST8_MAX__ 0xff
#define __FLT32_MAX_10_EXP__ 38
#define __DEC64_MAX_EXP__ 385
#define __INT8_C(c) c
#define __INT_LEAST8_WIDTH__ 8
#define __UINT_LEAST64_MAX__ 0xffffffffffffffffUL
#define __SHRT_MAX__ 0x7fff
#define __LDBL_MAX__ 1.18973149535723176502126385303097021e+4932L
#define __FLT64X_MAX_10_EXP__ 4932
#define __LDBL_IS_IEC_60559__ 2
#define __FLT64X_HAS_QUIET_NAN__ 1
#define __UINT_LEAST8_MAX__ 0xff
#define __GCC_ATOMIC_BOOL_LOCK_FREE 2
#define __FLT128_DENORM_MIN__ 6.47517511943802511092443895822764655e-4966F128
#define __UINTMAX_TYPE__ long unsigned int
#define __linux 1
#define __DEC32_EPSILON__ 1E-6DF
#define __FLT_EVAL_METHOD_TS_18661_3__ 0
#define __unix 1
#define __UINT32_MAX__ 0xffffffffU
#define __FLT128_MIN_EXP__ (-16381)
#define __WINT_MIN__ 0U
#define __FLT128_MIN_10_EXP__ (-4931)
#define __FLT32X_IS_IEC_60559__ 2
#define __INT_LEAST16_WIDTH__ 16
#define __SCHAR_MAX__ 0x7f
#define __FLT128_MANT_DIG__ 113
#define __WCHAR_MIN__ (-__WCHAR_MAX__ - 1)
#define __INT64_C(c) c ## L
#define __GCC_ATOMIC_POINTER_LOCK_FREE 2
#define __FLT32X_MANT_DIG__ 53
#define __USER_LABEL_PREFIX__ 
#define __FLT64X_EPSILON__ 1.08420217248550443400745280086994171e-19F64x
#define __STDC_HOSTED__ 1
#define __DEC64_MIN_EXP__ (-382)
#define __DBL_DIG__ 15
#define __FLT32_DIG__ 6
#define __FLT_EPSILON__ 1.19209289550781250000000000000000000e-7F
#define __SHRT_WIDTH__ 16
#define __FLT32_IS_IEC_60559__ 2
#define __LDBL_MIN__ 3.36210314311209350626267781732175260e-4932L
#define __STDC_UTF_16__ 1
#define __DBL_IS_IEC_60559__ 2
#define __DEC32_MAX__ 9.999999E96DF
#define __FLT64X_DENORM_MIN__ 3.64519953188247460252840593361941982e-4951F64x
#define __FLT32X_HAS_INFINITY__ 1
#define __INT32_MAX__ 0x7fffffff
#define __unix__ 1
#define __INT_WIDTH__ 32
#define __SIZEOF_LONG__ 8
#define __STDC_IEC_559__ 1
#define __STDC_ISO_10646__ 201706L
#define __UINT16_C(c) c
#define __DECIMAL_DIG__ 21
#define __STDC_IEC_559_COMPLEX__ 1
#define __FLT64_EPSILON__ 2.22044604925031308084726333618164062e-16F64
#define __gnu_linux__ 1
#define __FLT128_IS_IEC_60559__ 2
#define __FLT64X_MIN_10_EXP__ (-4931)
#define __LDBL_HAS_QUIET_NAN__ 1
#define __FLT64_MANT_DIG__ 53
#define __FLT64X_MANT_DIG__ 64
#define __GNUC__ 11
#define __pie__ 2
#define __MMX__ 1
#define __FLT_HAS_DENORM__ 1
#define __SIZEOF_LONG_DOUBLE__ 16
#define __BIGGEST_ALIGNMENT__ 16
#define __FLT64_MAX_10_EXP__ 308
#define __DBL_MAX__ ((double)1.79769313486231570814527423731704357e+308L)
#define __INT_FAST32_MAX__ 0x7fffffffffffffffL
#define __DBL_HAS_INFINITY__ 1
#define __SIZEOF_FLOAT__ 4
#define __HAVE_SPECULATION_SAFE_VALUE 1
#define __DEC32_MIN_EXP__ (-94)
#define __INTPTR_WIDTH__ 64
#define __FLT64X_HAS_INFINITY__ 1
#define __UINT_LEAST32_MAX__ 0xffffffffU
#define __FLT32X_HAS_DENORM__ 1
#define __INT_FAST16_TYPE__ long int
#define __MMX_WITH_SSE__ 1
#define __LDBL_HAS_DENORM__ 1
#define __FLT128_HAS_INFINITY__ 1
#define __DEC32_MIN__ 1E-95DF
#define __DBL_MAX_EXP__ 1024
#define __WCHAR_WIDTH__ 32
#define __FLT32_MAX__ 3.40282346638528859811704183484516925e+38F32
#define __DEC128_EPSILON__ 1E-33DL
#define __SSE2_MATH__ 1
#define __ATOMIC_HLE_RELEASE 131072
#define __PTRDIFF_MAX__ 0x7fffffffffffffffL
#define __amd64 1
#define __ATOMIC_HLE_ACQUIRE 65536
#define __LONG_LONG_MAX__ 0x7fffffffffffffffLL
#define __SIZEOF_SIZE_T__ 8
#define __FLT64X_MIN_EXP__ (-16381)
#define __SIZEOF_WINT_T__ 4
#define __LONG_LONG_WIDTH__ 64
#define __FLT32_MAX_EXP__ 128
#define __GXX_ABI_VERSION 1016
#define __FLT_MIN_EXP__ (-125)
#define __GCC_HAVE_DWARF2_CFI_ASM 1
#define __INT16_MAX__ 0x7fff
#define __x86_64 1
#define __INT_FAST64_TYPE__ long int
#define __FLT64_DENORM_MIN__ 4.94065645841246544176568792868221372e-324F64
#define __DBL_MIN__ ((double)2.22507385850720138309023271733240406e-308L)
#define __FLT128_EPSILON__ 1.92592994438723585305597794258492732e-34F128
#define __FLT64X_NORM_MAX__ 1.18973149535723176502126385303097021e+4932F64x
#define __SIZEOF_POINTER__ 8
#define __LP64__ 1
#define __DBL_HAS_QUIET_NAN__ 1
#define __FLT32X_EPSILON__ 2.22044604925031308084726333618164062e-16F32x
#define __DECIMAL_BID_FORMAT__ 1
#define __FLT64_MIN_EXP__ (-1021)
#define __FLT64_MIN_10_EXP__ (-307)
#define __FLT64X_DECIMAL_DIG__ 21
#define __DEC128_MIN__ 1E-6143DL
#define __REGISTER_PREFIX__ 
#define __UINT16_MAX__ 0xffff
#define __DBL_HAS_DENORM__ 1
#define __LDBL_HAS_INFINITY__ 1
#define __FLT32_MIN__ 1.17549435082228750796873653722224568e-38F32
#define __UINT8_TYPE__ unsigned char
#define __FLT_DIG__ 6
#define __NO_INLINE__ 1
#define __DEC_EVAL_METHOD__ 2
#define __DEC128_MAX__ 9.999999999999999999999999999999999E6144DL
#define __FLT_MANT_DIG__ 24
#define __LDBL_DECIMAL_DIG__ 21
#define __VERSION__ "11.4.0"
#define __UINT64_C(c) c ## UL
#define _STDC_PREDEF_H 1
#define __INT_LEAST32_MAX__ 0x7fffffff
#define __GCC_ATOMIC_INT_LOCK_FREE 2
#define __FLT128_MAX_EXP__ 16384
#define __FLT32_MANT_DIG__ 24
#define __FLOAT_WORD_ORDER__ __ORDER_LITTLE_ENDIAN__
#define __STDC_IEC_60559_COMPLEX__ 201404L
#define __FLT128_HAS_DENORM__ 1
#define __FLT32_DECIMAL_DIG__ 9
#define __FLT128_DIG__ 33
#define __INT32_C(c) c
#define __DEC64_EPSILON__ 1E-15DD
#define __ORDER_PDP_ENDIAN__ 3412
#define __DEC128_MIN_EXP__ (-6142)
#define __INT_FAST32_TYPE__ long int
#define __UINT_LEAST16_TYPE__ short unsigned int
#define unix 1
#define __SIZE_TYPE__ long unsigned int
#define __UINT64_MAX__ 0xffffffffffffffffUL
#define __FLT_IS_IEC_60559__ 2
#define __GNUC_WIDE_EXECUTION_CHARSET_NAME "UTF-32LE"
#define __FLT64X_DIG__ 18
#define __INT8_TYPE__ signed char
#define __ELF__ 1
#define __GCC_ASM_FLAG_OUTPUTS__ 1
#define __UINT32_TYPE__ unsigned int
#define __FLT_RADIX__ 2
#define __INT_LEAST16_TYPE__ short int
#define __LDBL_EPSILON__ 1.08420217248550443400745280086994171e-19L
#define __UINTMAX_C(c) c ## UL
#define __SSE_MATH__ 1
#define __k8 1
#define __FLT32X_MIN__ 2.22507385850720138309023271733240406e-308F32x
#define __SIG_ATOMIC_MAX__ 0x7fffffff
#define __GCC_ATOMIC_WCHAR_T_LOCK_FREE 2
#define __STDC_IEC_60559_BFP__ 201404L
#define __SIZEOF_PTRDIFF_T__ 8
#define __LDBL_DIG__ 18
#define __FLT64_IS_IEC_60559__ 2
#define __x86_64__ 1
#define __FLT32X_MIN_EXP__ (-1021)
#define __DEC32_SUBNORMAL_MIN__ 0.000001E-95DF
#define __INT_FAST16_MAX__ 0x7fffffffffffffffL
#define __FLT64_DIG__ 15
#define __UINT_FAST32_MAX__ 0xffffffffffffffffUL
#define __UINT_LEAST64_TYPE__ long unsigned int
#define __FLT_HAS_QUIET_NAN__ 1
#define __FLT_MAX_10_EXP__ 38
#define __LONG_MAX__ 0x7fffffffffffffffL
#define __FLT64X_HAS_DENORM__ 1
#define __DEC128_SUBNORMAL_MIN__ 0.000000000000000000000000000000001E-6143DL
#define __FLT_HAS_INFINITY__ 1
#define __GNUC_EXECUTION_CHARSET_NAME "UTF-8"
#define __UINT_FAST16_TYPE__ long unsigned int
#define __DEC64_MAX__ 9.999999999999999E384DD
#define __INT_FAST32_WIDTH__ 64
#define __CHAR16_TYPE__ short unsigned int
#define __PRAGMA_REDEFINE_EXTNAME 1
#define __SIZE_WIDTH__ 64
#define __SEG_FS 1
#define __INT_LEAST16_MAX__ 0x7fff
#define __DEC64_MANT_DIG__ 16
#define __INT64_MAX__ 0x7fffffffffffffffL
#define __SEG_GS 1
#define __FLT32_DENORM_MIN__ 1.40129846432481707092372958328991613e-45F32
#define __SIG_ATOMIC_WIDTH__ 32
#define __INT_LEAST64_TYPE__ long int
#define __INT16_TYPE__ short int
#define __INT_LEAST8_TYPE__ signed char
#define __STDC_VERSION__ 201710L
#define __SIZEOF_INT__ 4
#define __DEC32_MAX_EXP__ 97
#define __INT_FAST8_MAX__ 0x7f
#define __FLT128_MAX__ 1.18973149535723176508575932662800702e+4932F128
#define __INTPTR_MAX__ 0x7fffffffffffffffL
#define linux 1
#define __FLT64_HAS_QUIET_NAN__ 1
#define __FLT32_MIN_10_EXP__ (-37)
#define __FLT32X_DIG__ 15
#define __PTRDIFF_WIDTH__ 64
#define __LDBL_MANT_DIG__ 64
#define __FLT64_HAS_INFINITY__ 1
#define __FLT64X_MAX__ 1.18973149535723176502126385303097021e+4932F64x
#define __SIG_ATOMIC_MIN__ (-__SIG_ATOMIC_MAX__ - 1)
#define __code_model_small__ 1
#define __GCC_ATOMIC_LONG_LOCK_FREE 2
#define __DEC32_MANT_DIG__ 7
#define __k8__ 1
#define __INTPTR_TYPE__ long int
#define __UINT16_TYPE__ short unsigned int
#define __WCHAR_TYPE__ int
#define __pic__ 2
#define __UINTPTR_MAX__ 0xffffffffffffffffUL
#define __INT_FAST64_WIDTH__ 64
#define __INT_FAST64_MAX__ 0x7fffffffffffffffL
#define __GCC_ATOMIC_TEST_AND_SET_TRUEVAL 1
#define __FLT_NORM_MAX__ 3.40282346638528859811704183484516925e+38F
#define __FLT32_HAS_INFINITY__ 1
#define __FLT64X_MAX_EXP__ 16384
#define __UINT_FAST64_TYPE__ long unsigned int
#define __INT_MAX__ 0x7fffffff
#define __linux__ 1
#define __INT64_TYPE__ long int
#define __FLT_MAX_EXP__ 128
#define __ORDER_BIG_ENDIAN__ 4321
#define __DBL_MANT_DIG__ 53
#define __SIZEOF_FLOAT128__ 16
#define __INT_LEAST64_MAX__ 0x7fffffffffffffffL
#define __GCC_ATOMIC_CHAR16_T_LOCK_FREE 2
#define __DEC64_MIN__ 1E-383DD
#define __WINT_TYPE__ unsigned int
#define __UINT_LEAST32_TYPE__ unsigned int
#define __SIZEOF_SHORT__ 2
#define __FLT32_NORM_MAX__ 3.40282346638528859811704183484516925e+38F32
#define __SSE__ 1
#define __LDBL_MIN_EXP__ (-16381)
#define __FLT64_MAX__ 1.79769313486231570814527423731704357e+308F64
#define __amd64__ 1
#define __WINT_WIDTH__ 32
#define __INT_LEAST8_MAX__ 0x7f
#define __INT_LEAST64_WIDTH__ 64
#define __LDBL_MAX_EXP__ 16384
#define __FLT32X_MAX_10_EXP__ 308
#define __SIZEOF_INT128__ 16
#define __FLT64X_IS_IEC_60559__ 2
#define __LDBL_MAX_10_EXP__ 4932
#define __ATOMIC_RELAXED 0
#define __DBL_EPSILON__ ((double)2.22044604925031308084726333618164062e-16L)
#define __FLT128_MIN__ 3.36210314311209350626267781732175260e-4932F128
#define _LP64 1
#define __UINT8_C(c) c
#define __FLT64_MAX_EXP__ 1024
#define __INT_LEAST32_TYPE__ int
#define __SIZEOF_WCHAR_T__ 4
#define __UINT64_TYPE__ long unsigned int
#define __GNUC_PATCHLEVEL__ 0
#define __FLT128_NORM_MAX__ 1.18973149535723176508575932662800702e+4932F128
#define __FLT64_NORM_MAX__ 1.79769313486231570814527423731704357e+308F64
#define __FLT128_HAS_QUIET_NAN__ 1
#define __INTMAX_MAX__ 0x7fffffffffffffffL
#define __INT_FAST8_TYPE__ signed char
#define __FLT64X_MIN__ 3.36210314311209350626267781732175260e-4932F64x
#define __GNUC_STDC_INLINE__ 1
#define __FLT64_HAS_DENORM__ 1
#define __FLT32_EPSILON__ 1.19209289550781250000000000000000000e-7F32
#define __DBL_DECIMAL_DIG__ 17
#define __STDC_UTF_32__ 1
#define __INT_FAST8_WIDTH__ 8
#define __FXSR__ 1
#define __FLT32X_MAX__ 1.79769313486231570814527423731704357e+308F32x
#define __DBL_NORM_MAX__ ((double)1.79769313486231570814527423731704357e+308L)
#define __BYTE_ORDER__ __ORDER_LITTLE_ENDIAN__
#define __INTMAX_WIDTH__ 64
#define __UINT32_C(c) c ## U
#define __FLT_DENORM_MIN__ 1.40129846432481707092372958328991613e-45F
#define __INT8_MAX__ 0x7f
#define __LONG_WIDTH__ 64
#define __PIC__ 2
#define __UINT_FAST32_TYPE__ long unsigned int
#define __FLT32X_NORM_MAX__ 1.79769313486231570814527423731704357e+308F32x
#define __CHAR32_TYPE__ unsigned int
#define __FLT_MAX__ 3.40282346638528859811704183484516925e+38F
#define __SSE2__ 1
#define __INT32_TYPE__ int
#define __SIZEOF_DOUBLE__ 8
#define __FLT_MIN_10_EXP__ (-37)
#define __FLT64_MIN__ 2.22507385850720138309023271733240406e-308F64
#define __INT_LEAST32_WIDTH__ 32
#define __INTMAX_TYPE__ long int
#define __DEC128_MAX_EXP__ 6145
#define __FLT32X_HAS_QUIET_NAN__ 1
#define __ATOMIC_CONSUME 1
#define __GNUC_MINOR__ 4
#define __INT_FAST16_WIDTH__ 64
#define __UINTMAX_MAX__ 0xffffffffffffffffUL
#define __PIE__ 2
#define __FLT32X_DENORM_MIN__ 4.94065645841246544176568792868221372e-324F32x
#define __DBL_MAX_10_EXP__ 308
#define __LDBL_DENORM_MIN__ 3.64519953188247460252840593361941982e-4951L
#define __INT16_C(c) c
#define __STDC__ 1
#define __PTRDIFF_TYPE__ long int
#define __ATOMIC_SEQ_CST 5
#define __FLT32X_MIN_10_EXP__ (-307)
#define __UINTPTR_TYPE__ long unsigned int
#define __DEC64_SUBNORMAL_MIN__ 0.000000000000001E-383DD
#define __DEC128_MANT_DIG__ 34
#define __LDBL_MIN_10_EXP__ (-4931)
#define __SIZEOF_LONG_LONG__ 8
#define __FLT128_DECIMAL_DIG__ 36
#define __GCC_ATOMIC_LLONG_LOCK_FREE 2
#define __FLT32_HAS_QUIET_NAN__ 1
#define __FLT_DECIMAL_DIG__ 9
#define __UINT_FAST16_MAX__ 0xffffffffffffffffUL
#define __LDBL_NORM_MAX__ 1.18973149535723176502126385303097021e+4932L
#define __GCC_ATOMIC_SHORT_LOCK_FREE 2
#define __UINT_FAST8_TYPE__ unsigned char
#define __ATOMIC_ACQ_REL 4
#define __ATOMIC_RELEASE 3

find program=['ar'] paths=['/home/lavanya/ros2_ws/install/ardupilot_sitl/bin', '/opt/ros/humble/bin', '/usr/lib/ccache', '/home/lavanya/ardupilot/Tools/autotest', '/opt/gcc-arm-none-eabi-10-2020-q4-major/bin', '/home/lavanya/.local/bin', '/usr/local/sbin', '/usr/local/bin', '/usr/sbin', '/usr/bin', '/sbin', '/bin', '/usr/games', '/usr/local/games', '/snap/bin', '/snap/bin', '/home/lavanya/ros2_ws/Micro-XRCE-DDS-Gen/scripts', '/home/lavanya/ros2_ws/Micro-XRCE-DDS-Gen/scripts', '/path/to/mavproxy'] var='AR' -> ['/usr/bin/ar']
/usr/lib/ccache/g++
----------------------------------------
Checking for 'gcc' (C compiler)
find program=['gcc', 'cc'] paths=['/home/lavanya/ros2_ws/install/ardupilot_sitl/bin', '/opt/ros/humble/bin', '/usr/lib/ccache', '/home/lavanya/ardupilot/Tools/autotest', '/opt/gcc-arm-none-eabi-10-2020-q4-major/bin', '/home/lavanya/.local/bin', '/usr/local/sbin', '/usr/local/bin', '/usr/sbin', '/usr/bin', '/sbin', '/bin', '/usr/games', '/usr/local/games', '/snap/bin', '/snap/bin', '/home/lavanya/ros2_ws/Micro-XRCE-DDS-Gen/scripts', '/home/lavanya/ros2_ws/Micro-XRCE-DDS-Gen/scripts', '/path/to/mavproxy'] var='CC' -> ['/usr/lib/ccache/gcc']
['/usr/lib/ccache/gcc', '-dM', '-E', '-']
out: #define __SSP_STRONG__ 3
#define __DBL_MIN_EXP__ (-1021)
#define __UINT_LEAST16_MAX__ 0xffff
#define __ATOMIC_ACQUIRE 2
#define __FLT128_MAX_10_EXP__ 4932
#define __FLT_MIN__ 1.17549435082228750796873653722224568e-38F
#define __GCC_IEC_559_COMPLEX 2
#define __UINT_LEAST8_TYPE__ unsigned char
#define __SIZEOF_FLOAT80__ 16
#define __INTMAX_C(c) c ## L
#define __CHAR_BIT__ 8
#define __UINT8_MAX__ 0xff
#define __SCHAR_WIDTH__ 8
#define __WINT_MAX__ 0xffffffffU
#define __FLT32_MIN_EXP__ (-125)
#define __ORDER_LITTLE_ENDIAN__ 1234
#define __SIZE_MAX__ 0xffffffffffffffffUL
#define __WCHAR_MAX__ 0x7fffffff
#define __GCC_HAVE_SYNC_COMPARE_AND_SWAP_1 1
#define __GCC_HAVE_SYNC_COMPARE_AND_SWAP_2 1
#define __GCC_HAVE_SYNC_COMPARE_AND_SWAP_4 1
#define __DBL_DENORM_MIN__ ((double)4.94065645841246544176568792868221372e-324L)
#define __GCC_HAVE_SYNC_COMPARE_AND_SWAP_8 1
#define __GCC_ATOMIC_CHAR_LOCK_FREE 2
#define __GCC_IEC_559 2
#define __FLT32X_DECIMAL_DIG__ 17
#define __FLT_EVAL_METHOD__ 0
#define __FLT64_DECIMAL_DIG__ 17
#define __CET__ 3
#define __GCC_ATOMIC_CHAR32_T_LOCK_FREE 2
#define __UINT_FAST64_MAX__ 0xffffffffffffffffUL
#define __SIG_ATOMIC_TYPE__ int
#define __DBL_MIN_10_EXP__ (-307)
#define __FINITE_MATH_ONLY__ 0
#define __FLT32X_MAX_EXP__ 1024
#define __FLT32_HAS_DENORM__ 1
#define __UINT_FAST8_MAX__ 0xff
#define __FLT32_MAX_10_EXP__ 38
#define __DEC64_MAX_EXP__ 385
#define __INT8_C(c) c
#define __INT_LEAST8_WIDTH__ 8
#define __UINT_LEAST64_MAX__ 0xffffffffffffffffUL
#define __SHRT_MAX__ 0x7fff
#define __LDBL_MAX__ 1.18973149535723176502126385303097021e+4932L
#define __FLT64X_MAX_10_EXP__ 4932
#define __LDBL_IS_IEC_60559__ 2
#define __FLT64X_HAS_QUIET_NAN__ 1
#define __UINT_LEAST8_MAX__ 0xff
#define __GCC_ATOMIC_BOOL_LOCK_FREE 2
#define __FLT128_DENORM_MIN__ 6.47517511943802511092443895822764655e-4966F128
#define __UINTMAX_TYPE__ long unsigned int
#define __linux 1
#define __DEC32_EPSILON__ 1E-6DF
#define __FLT_EVAL_METHOD_TS_18661_3__ 0
#define __unix 1
#define __UINT32_MAX__ 0xffffffffU
#define __FLT128_MIN_EXP__ (-16381)
#define __WINT_MIN__ 0U
#define __FLT128_MIN_10_EXP__ (-4931)
#define __FLT32X_IS_IEC_60559__ 2
#define __INT_LEAST16_WIDTH__ 16
#define __SCHAR_MAX__ 0x7f
#define __FLT128_MANT_DIG__ 113
#define __WCHAR_MIN__ (-__WCHAR_MAX__ - 1)
#define __INT64_C(c) c ## L
#define __GCC_ATOMIC_POINTER_LOCK_FREE 2
#define __FLT32X_MANT_DIG__ 53
#define __USER_LABEL_PREFIX__ 
#define __FLT64X_EPSILON__ 1.08420217248550443400745280086994171e-19F64x
#define __STDC_HOSTED__ 1
#define __DEC64_MIN_EXP__ (-382)
#define __DBL_DIG__ 15
#define __FLT32_DIG__ 6
#define __FLT_EPSILON__ 1.19209289550781250000000000000000000e-7F
#define __SHRT_WIDTH__ 16
#define __FLT32_IS_IEC_60559__ 2
#define __LDBL_MIN__ 3.36210314311209350626267781732175260e-4932L
#define __STDC_UTF_16__ 1
#define __DBL_IS_IEC_60559__ 2
#define __DEC32_MAX__ 9.999999E96DF
#define __FLT64X_DENORM_MIN__ 3.64519953188247460252840593361941982e-4951F64x
#define __FLT32X_HAS_INFINITY__ 1
#define __INT32_MAX__ 0x7fffffff
#define __unix__ 1
#define __INT_WIDTH__ 32
#define __SIZEOF_LONG__ 8
#define __STDC_IEC_559__ 1
#define __STDC_ISO_10646__ 201706L
#define __UINT16_C(c) c
#define __DECIMAL_DIG__ 21
#define __STDC_IEC_559_COMPLEX__ 1
#define __FLT64_EPSILON__ 2.22044604925031308084726333618164062e-16F64
#define __gnu_linux__ 1
#define __FLT128_IS_IEC_60559__ 2
#define __FLT64X_MIN_10_EXP__ (-4931)
#define __LDBL_HAS_QUIET_NAN__ 1
#define __FLT64_MANT_DIG__ 53
#define __FLT64X_MANT_DIG__ 64
#define __GNUC__ 11
#define __pie__ 2
#define __MMX__ 1
#define __FLT_HAS_DENORM__ 1
#define __SIZEOF_LONG_DOUBLE__ 16
#define __BIGGEST_ALIGNMENT__ 16
#define __FLT64_MAX_10_EXP__ 308
#define __DBL_MAX__ ((double)1.79769313486231570814527423731704357e+308L)
#define __INT_FAST32_MAX__ 0x7fffffffffffffffL
#define __DBL_HAS_INFINITY__ 1
#define __SIZEOF_FLOAT__ 4
#define __HAVE_SPECULATION_SAFE_VALUE 1
#define __DEC32_MIN_EXP__ (-94)
#define __INTPTR_WIDTH__ 64
#define __FLT64X_HAS_INFINITY__ 1
#define __UINT_LEAST32_MAX__ 0xffffffffU
#define __FLT32X_HAS_DENORM__ 1
#define __INT_FAST16_TYPE__ long int
#define __MMX_WITH_SSE__ 1
#define __LDBL_HAS_DENORM__ 1
#define __FLT128_HAS_INFINITY__ 1
#define __DEC32_MIN__ 1E-95DF
#define __DBL_MAX_EXP__ 1024
#define __WCHAR_WIDTH__ 32
#define __FLT32_MAX__ 3.40282346638528859811704183484516925e+38F32
#define __DEC128_EPSILON__ 1E-33DL
#define __SSE2_MATH__ 1
#define __ATOMIC_HLE_RELEASE 131072
#define __PTRDIFF_MAX__ 0x7fffffffffffffffL
#define __amd64 1
#define __ATOMIC_HLE_ACQUIRE 65536
#define __LONG_LONG_MAX__ 0x7fffffffffffffffLL
#define __SIZEOF_SIZE_T__ 8
#define __FLT64X_MIN_EXP__ (-16381)
#define __SIZEOF_WINT_T__ 4
#define __LONG_LONG_WIDTH__ 64
#define __FLT32_MAX_EXP__ 128
#define __GXX_ABI_VERSION 1016
#define __FLT_MIN_EXP__ (-125)
#define __GCC_HAVE_DWARF2_CFI_ASM 1
#define __INT16_MAX__ 0x7fff
#define __x86_64 1
#define __INT_FAST64_TYPE__ long int
#define __FLT64_DENORM_MIN__ 4.94065645841246544176568792868221372e-324F64
#define __DBL_MIN__ ((double)2.22507385850720138309023271733240406e-308L)
#define __FLT128_EPSILON__ 1.92592994438723585305597794258492732e-34F128
#define __FLT64X_NORM_MAX__ 1.18973149535723176502126385303097021e+4932F64x
#define __SIZEOF_POINTER__ 8
#define __LP64__ 1
#define __DBL_HAS_QUIET_NAN__ 1
#define __FLT32X_EPSILON__ 2.22044604925031308084726333618164062e-16F32x
#define __DECIMAL_BID_FORMAT__ 1
#define __FLT64_MIN_EXP__ (-1021)
#define __FLT64_MIN_10_EXP__ (-307)
#define __FLT64X_DECIMAL_DIG__ 21
#define __DEC128_MIN__ 1E-6143DL
#define __REGISTER_PREFIX__ 
#define __UINT16_MAX__ 0xffff
#define __DBL_HAS_DENORM__ 1
#define __LDBL_HAS_INFINITY__ 1
#define __FLT32_MIN__ 1.17549435082228750796873653722224568e-38F32
#define __UINT8_TYPE__ unsigned char
#define __FLT_DIG__ 6
#define __NO_INLINE__ 1
#define __DEC_EVAL_METHOD__ 2
#define __DEC128_MAX__ 9.999999999999999999999999999999999E6144DL
#define __FLT_MANT_DIG__ 24
#define __LDBL_DECIMAL_DIG__ 21
#define __VERSION__ "11.4.0"
#define __UINT64_C(c) c ## UL
#define _STDC_PREDEF_H 1
#define __INT_LEAST32_MAX__ 0x7fffffff
#define __GCC_ATOMIC_INT_LOCK_FREE 2
#define __FLT128_MAX_EXP__ 16384
#define __FLT32_MANT_DIG__ 24
#define __FLOAT_WORD_ORDER__ __ORDER_LITTLE_ENDIAN__
#define __STDC_IEC_60559_COMPLEX__ 201404L
#define __FLT128_HAS_DENORM__ 1
#define __FLT32_DECIMAL_DIG__ 9
#define __FLT128_DIG__ 33
#define __INT32_C(c) c
#define __DEC64_EPSILON__ 1E-15DD
#define __ORDER_PDP_ENDIAN__ 3412
#define __DEC128_MIN_EXP__ (-6142)
#define __INT_FAST32_TYPE__ long int
#define __UINT_LEAST16_TYPE__ short unsigned int
#define unix 1
#define __SIZE_TYPE__ long unsigned int
#define __UINT64_MAX__ 0xffffffffffffffffUL
#define __FLT_IS_IEC_60559__ 2
#define __GNUC_WIDE_EXECUTION_CHARSET_NAME "UTF-32LE"
#define __FLT64X_DIG__ 18
#define __INT8_TYPE__ signed char
#define __ELF__ 1
#define __GCC_ASM_FLAG_OUTPUTS__ 1
#define __UINT32_TYPE__ unsigned int
#define __FLT_RADIX__ 2
#define __INT_LEAST16_TYPE__ short int
#define __LDBL_EPSILON__ 1.08420217248550443400745280086994171e-19L
#define __UINTMAX_C(c) c ## UL
#define __SSE_MATH__ 1
#define __k8 1
#define __FLT32X_MIN__ 2.22507385850720138309023271733240406e-308F32x
#define __SIG_ATOMIC_MAX__ 0x7fffffff
#define __GCC_ATOMIC_WCHAR_T_LOCK_FREE 2
#define __STDC_IEC_60559_BFP__ 201404L
#define __SIZEOF_PTRDIFF_T__ 8
#define __LDBL_DIG__ 18
#define __FLT64_IS_IEC_60559__ 2
#define __x86_64__ 1
#define __FLT32X_MIN_EXP__ (-1021)
#define __DEC32_SUBNORMAL_MIN__ 0.000001E-95DF
#define __INT_FAST16_MAX__ 0x7fffffffffffffffL
#define __FLT64_DIG__ 15
#define __UINT_FAST32_MAX__ 0xffffffffffffffffUL
#define __UINT_LEAST64_TYPE__ long unsigned int
#define __FLT_HAS_QUIET_NAN__ 1
#define __FLT_MAX_10_EXP__ 38
#define __LONG_MAX__ 0x7fffffffffffffffL
#define __FLT64X_HAS_DENORM__ 1
#define __DEC128_SUBNORMAL_MIN__ 0.000000000000000000000000000000001E-6143DL
#define __FLT_HAS_INFINITY__ 1
#define __GNUC_EXECUTION_CHARSET_NAME "UTF-8"
#define __UINT_FAST16_TYPE__ long unsigned int
#define __DEC64_MAX__ 9.999999999999999E384DD
#define __INT_FAST32_WIDTH__ 64
#define __CHAR16_TYPE__ short unsigned int
#define __PRAGMA_REDEFINE_EXTNAME 1
#define __SIZE_WIDTH__ 64
#define __SEG_FS 1
#define __INT_LEAST16_MAX__ 0x7fff
#define __DEC64_MANT_DIG__ 16
#define __INT64_MAX__ 0x7fffffffffffffffL
#define __SEG_GS 1
#define __FLT32_DENORM_MIN__ 1.40129846432481707092372958328991613e-45F32
#define __SIG_ATOMIC_WIDTH__ 32
#define __INT_LEAST64_TYPE__ long int
#define __INT16_TYPE__ short int
#define __INT_LEAST8_TYPE__ signed char
#define __STDC_VERSION__ 201710L
#define __SIZEOF_INT__ 4
#define __DEC32_MAX_EXP__ 97
#define __INT_FAST8_MAX__ 0x7f
#define __FLT128_MAX__ 1.18973149535723176508575932662800702e+4932F128
#define __INTPTR_MAX__ 0x7fffffffffffffffL
#define linux 1
#define __FLT64_HAS_QUIET_NAN__ 1
#define __FLT32_MIN_10_EXP__ (-37)
#define __FLT32X_DIG__ 15
#define __PTRDIFF_WIDTH__ 64
#define __LDBL_MANT_DIG__ 64
#define __FLT64_HAS_INFINITY__ 1
#define __FLT64X_MAX__ 1.18973149535723176502126385303097021e+4932F64x
#define __SIG_ATOMIC_MIN__ (-__SIG_ATOMIC_MAX__ - 1)
#define __code_model_small__ 1
#define __GCC_ATOMIC_LONG_LOCK_FREE 2
#define __DEC32_MANT_DIG__ 7
#define __k8__ 1
#define __INTPTR_TYPE__ long int
#define __UINT16_TYPE__ short unsigned int
#define __WCHAR_TYPE__ int
#define __pic__ 2
#define __UINTPTR_MAX__ 0xffffffffffffffffUL
#define __INT_FAST64_WIDTH__ 64
#define __INT_FAST64_MAX__ 0x7fffffffffffffffL
#define __GCC_ATOMIC_TEST_AND_SET_TRUEVAL 1
#define __FLT_NORM_MAX__ 3.40282346638528859811704183484516925e+38F
#define __FLT32_HAS_INFINITY__ 1
#define __FLT64X_MAX_EXP__ 16384
#define __UINT_FAST64_TYPE__ long unsigned int
#define __INT_MAX__ 0x7fffffff
#define __linux__ 1
#define __INT64_TYPE__ long int
#define __FLT_MAX_EXP__ 128
#define __ORDER_BIG_ENDIAN__ 4321
#define __DBL_MANT_DIG__ 53
#define __SIZEOF_FLOAT128__ 16
#define __INT_LEAST64_MAX__ 0x7fffffffffffffffL
#define __GCC_ATOMIC_CHAR16_T_LOCK_FREE 2
#define __DEC64_MIN__ 1E-383DD
#define __WINT_TYPE__ unsigned int
#define __UINT_LEAST32_TYPE__ unsigned int
#define __SIZEOF_SHORT__ 2
#define __FLT32_NORM_MAX__ 3.40282346638528859811704183484516925e+38F32
#define __SSE__ 1
#define __LDBL_MIN_EXP__ (-16381)
#define __FLT64_MAX__ 1.79769313486231570814527423731704357e+308F64
#define __amd64__ 1
#define __WINT_WIDTH__ 32
#define __INT_LEAST8_MAX__ 0x7f
#define __INT_LEAST64_WIDTH__ 64
#define __LDBL_MAX_EXP__ 16384
#define __FLT32X_MAX_10_EXP__ 308
#define __SIZEOF_INT128__ 16
#define __FLT64X_IS_IEC_60559__ 2
#define __LDBL_MAX_10_EXP__ 4932
#define __ATOMIC_RELAXED 0
#define __DBL_EPSILON__ ((double)2.22044604925031308084726333618164062e-16L)
#define __FLT128_MIN__ 3.36210314311209350626267781732175260e-4932F128
#define _LP64 1
#define __UINT8_C(c) c
#define __FLT64_MAX_EXP__ 1024
#define __INT_LEAST32_TYPE__ int
#define __SIZEOF_WCHAR_T__ 4
#define __UINT64_TYPE__ long unsigned int
#define __GNUC_PATCHLEVEL__ 0
#define __FLT128_NORM_MAX__ 1.18973149535723176508575932662800702e+4932F128
#define __FLT64_NORM_MAX__ 1.79769313486231570814527423731704357e+308F64
#define __FLT128_HAS_QUIET_NAN__ 1
#define __INTMAX_MAX__ 0x7fffffffffffffffL
#define __INT_FAST8_TYPE__ signed char
#define __FLT64X_MIN__ 3.36210314311209350626267781732175260e-4932F64x
#define __GNUC_STDC_INLINE__ 1
#define __FLT64_HAS_DENORM__ 1
#define __FLT32_EPSILON__ 1.19209289550781250000000000000000000e-7F32
#define __DBL_DECIMAL_DIG__ 17
#define __STDC_UTF_32__ 1
#define __INT_FAST8_WIDTH__ 8
#define __FXSR__ 1
#define __FLT32X_MAX__ 1.79769313486231570814527423731704357e+308F32x
#define __DBL_NORM_MAX__ ((double)1.79769313486231570814527423731704357e+308L)
#define __BYTE_ORDER__ __ORDER_LITTLE_ENDIAN__
#define __INTMAX_WIDTH__ 64
#define __UINT32_C(c) c ## U
#define __FLT_DENORM_MIN__ 1.40129846432481707092372958328991613e-45F
#define __INT8_MAX__ 0x7f
#define __LONG_WIDTH__ 64
#define __PIC__ 2
#define __UINT_FAST32_TYPE__ long unsigned int
#define __FLT32X_NORM_MAX__ 1.79769313486231570814527423731704357e+308F32x
#define __CHAR32_TYPE__ unsigned int
#define __FLT_MAX__ 3.40282346638528859811704183484516925e+38F
#define __SSE2__ 1
#define __INT32_TYPE__ int
#define __SIZEOF_DOUBLE__ 8
#define __FLT_MIN_10_EXP__ (-37)
#define __FLT64_MIN__ 2.22507385850720138309023271733240406e-308F64
#define __INT_LEAST32_WIDTH__ 32
#define __INTMAX_TYPE__ long int
#define __DEC128_MAX_EXP__ 6145
#define __FLT32X_HAS_QUIET_NAN__ 1
#define __ATOMIC_CONSUME 1
#define __GNUC_MINOR__ 4
#define __INT_FAST16_WIDTH__ 64
#define __UINTMAX_MAX__ 0xffffffffffffffffUL
#define __PIE__ 2
#define __FLT32X_DENORM_MIN__ 4.94065645841246544176568792868221372e-324F32x
#define __DBL_MAX_10_EXP__ 308
#define __LDBL_DENORM_MIN__ 3.64519953188247460252840593361941982e-4951L
#define __INT16_C(c) c
#define __STDC__ 1
#define __PTRDIFF_TYPE__ long int
#define __ATOMIC_SEQ_CST 5
#define __FLT32X_MIN_10_EXP__ (-307)
#define __UINTPTR_TYPE__ long unsigned int
#define __DEC64_SUBNORMAL_MIN__ 0.000000000000001E-383DD
#define __DEC128_MANT_DIG__ 34
#define __LDBL_MIN_10_EXP__ (-4931)
#define __SIZEOF_LONG_LONG__ 8
#define __FLT128_DECIMAL_DIG__ 36
#define __GCC_ATOMIC_LLONG_LOCK_FREE 2
#define __FLT32_HAS_QUIET_NAN__ 1
#define __FLT_DECIMAL_DIG__ 9
#define __UINT_FAST16_MAX__ 0xffffffffffffffffUL
#define __LDBL_NORM_MAX__ 1.18973149535723176502126385303097021e+4932L
#define __GCC_ATOMIC_SHORT_LOCK_FREE 2
#define __UINT_FAST8_TYPE__ unsigned char
#define __ATOMIC_ACQ_REL 4
#define __ATOMIC_RELEASE 3

find program=['ar'] paths=['/home/lavanya/ros2_ws/install/ardupilot_sitl/bin', '/opt/ros/humble/bin', '/usr/lib/ccache', '/home/lavanya/ardupilot/Tools/autotest', '/opt/gcc-arm-none-eabi-10-2020-q4-major/bin', '/home/lavanya/.local/bin', '/usr/local/sbin', '/usr/local/bin', '/usr/sbin', '/usr/bin', '/sbin', '/bin', '/usr/games', '/usr/local/games', '/snap/bin', '/snap/bin', '/home/lavanya/ros2_ws/Micro-XRCE-DDS-Gen/scripts', '/home/lavanya/ros2_ws/Micro-XRCE-DDS-Gen/scripts', '/path/to/mavproxy'] var='AR' -> ['/usr/bin/ar']
/usr/lib/ccache/gcc
----------------------------------------
Checking for c flags '-MMD'
==>
int main() { return 0; }
<==
[1/1] Compiling [32mbuild/.conf_check_7e5e066b870d33095ae32a661c536308/test.c[0m

['/usr/lib/ccache/gcc', '-MMD', '-DWAF_BUILD=1', '-DPYTHONDIR="/usr/lib/python3/dist-packages"', '-DPYTHONARCHDIR="/usr/lib/python3/dist-packages"', '../../test.c', '-c', '-otest.c.1.o']
yes
----------------------------------------
Checking for cxx flags '-MMD'
==>
int main() { return 0; }
<==
[1/1] Compiling [32mbuild/.conf_check_eafbc34d6c531298691a38d32d089715/test.cpp[0m

['/usr/lib/ccache/g++', '-MMD', '-DWAF_BUILD=1', '-DPYTHONDIR="/usr/lib/python3/dist-packages"', '-DPYTHONARCHDIR="/usr/lib/python3/dist-packages"', '../../test.cpp', '-c', '-otest.cpp.1.o']
yes
----------------------------------------
CXX Compiler
g++ 11.4.0
----------------------------------------
Checking for need to link with librt
==>

        #include <time.h>

        int main() {
            clock_gettime(CLOCK_REALTIME, NULL);
        }
<==
[1/2] Compiling [32mbuild/.conf_check_448dfd9c1414ea6a9a6f2a1756638232/test.cpp[0m

['/usr/lib/ccache/g++', '-MMD', '-DWAF_BUILD=1', '-DPYTHONDIR="/usr/lib/python3/dist-packages"', '-DPYTHONARCHDIR="/usr/lib/python3/dist-packages"', '-D__STDC_FORMAT_MACROS=1', '-DAP_SIM_ENABLED=1', '-DHAL_WITH_SPI=1', '-DHAL_WITH_RAMTRON=1', '-DAP_OPENDRONEID_ENABLED=1', '-DAP_SIGNED_FIRMWARE=0', '-DAP_NOTIFY_LP5562_BUS=2', '-DAP_NOTIFY_LP5562_ADDR=48', '-DHAL_NUM_CAN_IFACES=2', '-DHAL_CAN_WITH_SOCKETCAN=1', '../../test.cpp', '-c', '-otest.cpp.1.o']
[2/2] Linking [33mbuild/.conf_check_448dfd9c1414ea6a9a6f2a1756638232/testbuild/sitl/testprog[0m

['/usr/lib/ccache/g++', 'test.cpp.1.o', '-otestprog', '-Wl,-Bstatic', '-Wl,-Bdynamic']
not necessary
----------------------------------------
Checking for feenableexcept
==>

        #include <fenv.h>

        int main() {
            return feenableexcept(FE_OVERFLOW | FE_DIVBYZERO);
        }
<==
[1/2] Compiling [32mbuild/.conf_check_72e2e8a87a8b5895b5fbe4a803955613/test.cpp[0m

['/usr/lib/ccache/g++', '-MMD', '-DWAF_BUILD=1', '-DPYTHONDIR="/usr/lib/python3/dist-packages"', '-DPYTHONARCHDIR="/usr/lib/python3/dist-packages"', '-D__STDC_FORMAT_MACROS=1', '-DAP_SIM_ENABLED=1', '-DHAL_WITH_SPI=1', '-DHAL_WITH_RAMTRON=1', '-DAP_OPENDRONEID_ENABLED=1', '-DAP_SIGNED_FIRMWARE=0', '-DAP_NOTIFY_LP5562_BUS=2', '-DAP_NOTIFY_LP5562_ADDR=48', '-DHAL_NUM_CAN_IFACES=2', '-DHAL_CAN_WITH_SOCKETCAN=1', '../../test.cpp', '-c', '-otest.cpp.1.o']
[2/2] Linking [33mbuild/.conf_check_72e2e8a87a8b5895b5fbe4a803955613/testbuild/sitl/testprog[0m

['/usr/lib/ccache/g++', 'test.cpp.1.o', '-otestprog', '-Wl,-Bstatic', '-Wl,-Bdynamic']
yes
----------------------------------------
Enabling -Werror
yes
----------------------------------------
Checking for program 'microxrceddsgen'
/home/lavanya/ros2_ws/Micro-XRCE-DDS-Gen/scripts/microxrceddsgen
find program=['microxrceddsgen'] paths=['/home/lavanya/ros2_ws/install/ardupilot_sitl/bin', '/opt/ros/humble/bin', '/usr/lib/ccache', '/home/lavanya/ardupilot/Tools/autotest', '/opt/gcc-arm-none-eabi-10-2020-q4-major/bin', '/home/lavanya/.local/bin', '/usr/local/sbin', '/usr/local/bin', '/usr/sbin', '/usr/bin', '/sbin', '/bin', '/usr/games', '/usr/local/games', '/snap/bin', '/snap/bin', '/home/lavanya/ros2_ws/Micro-XRCE-DDS-Gen/scripts', '/home/lavanya/ros2_ws/Micro-XRCE-DDS-Gen/scripts', '/path/to/mavproxy'] var='MICROXRCEDDSGEN' -> ['/home/lavanya/ros2_ws/Micro-XRCE-DDS-Gen/scripts/microxrceddsgen']
----------------------------------------
Enabled OpenDroneID
no
----------------------------------------
Enabled firmware ID checking
no
----------------------------------------
GPS Debug Logging
no
----------------------------------------
Enabled custom controller
yes
----------------------------------------
Checking for HAVE_CMATH_ISFINITE
==>

        #include <cmath>

        int main() {
          return std::isfinite(1.0f);
        }
<==
[1/2] Compiling [32mbuild/.conf_check_0e396a694ca88262c37bd00bd995813f/test.cpp[0m

['/usr/lib/ccache/g++', '-Werror=implicit-fallthrough', '-fsingle-precision-constant', '-Wno-psabi', '-std=gnu++11', '-fdata-sections', '-ffunction-sections', '-fno-exceptions', '-fsigned-char', '-Wall', '-Wextra', '-Wpointer-arith', '-Wno-unused-parameter', '-Wno-missing-field-initializers', '-Wno-reorder', '-Wno-redundant-decls', '-Wno-unknown-pragmas', '-Wno-expansion-to-defined', '-Werror=cast-align', '-Werror=attributes', '-Werror=format-security', '-Werror=format-extra-args', '-Werror=enum-compare', '-Werror=format', '-Werror=array-bounds', '-Werror=uninitialized', '-Werror=init-self', '-Werror=narrowing', '-Werror=return-type', '-Werror=switch', '-Werror=sign-compare', '-Werror=type-limits', '-Werror=undef', '-Werror=unused-result', '-Werror=shadow', '-Werror=unused-value', '-Werror=unused-variable', '-Werror=delete-non-virtual-dtor', '-Wfatal-errors', '-Wno-trigraphs', '-Werror=parentheses', '-DARDUPILOT_BUILD', '-Wuninitialized', '-Warray-bounds', '-Wno-format-contains-nul', '-Werror=unused-but-set-variable', '-Werror=suggest-override', '-Werror=implicit-fallthrough', '-Werror=maybe-uninitialized', '-Werror=duplicated-cond', '-Werror=sizeof-pointer-div', '-D__AP_LINE__=__LINE__', '-DHAL_NAVEKF2_AVAILABLE=1', '-DCANARD_64_BIT=1', '-Werror=float-equal', '-Werror=missing-declarations', '-DAP_NETWORKING_ENABLED=1', '-O3', '-Werror', '-MMD', '-I../../../../modules/Micro-XRCE-DDS-Client/include', '-I../../../../modules/Micro-XRCE-DDS-Client/include/uxr/client', '-I../../../../modules/Micro-CDR/src/c', '-I../../../../modules/Micro-CDR/include', '-I../../../../modules/Micro-CDR/include/ucdr', '-DAP_BARO_PROBE_EXTERNAL_I2C_BUSES=1', '-DAP_CUSTOMCONTROL_ENABLED=1', '-DAP_DDS_ENABLED=1', '-DAP_SCRIPTING_CHECKS=1', '-DCANARD_ALLOCATE_SEM=1', '-DCANARD_ENABLE_ASSERTS=1', '-DCANARD_ENABLE_CANFD=1', '-DCANARD_ENABLE_DEADLINE=1', '-DCANARD_IFACE_ALL=3', '-DCANARD_MULTI_IFACE=1', '-DCONFIG_HAL_BOARD=HAL_BOARD_SITL', '-DCONFIG_HAL_BOARD_SUBTYPE=HAL_BOARD_SUBTYPE_NONE', '-DDRONECAN_CXX_WRAPPERS=1', '-DENABLE_HEAP=1', '-DENABLE_ONVIF=0', '-DLUA_32BITS=1', '-DUSE_USER_HELPERS=1', '-DWAF_BUILD=1', '-DPYTHONDIR="/usr/lib/python3/dist-packages"', '-DPYTHONARCHDIR="/usr/lib/python3/dist-packages"', '-D__STDC_FORMAT_MACROS=1', '-DAP_SIM_ENABLED=1', '-DHAL_WITH_SPI=1', '-DHAL_WITH_RAMTRON=1', '-DAP_OPENDRONEID_ENABLED=1', '-DAP_SIGNED_FIRMWARE=0', '-DAP_NOTIFY_LP5562_BUS=2', '-DAP_NOTIFY_LP5562_ADDR=48', '-DHAL_NUM_CAN_IFACES=2', '-DHAL_CAN_WITH_SOCKETCAN=1', '-DHAVE_FEENABLEEXCEPT=1', '../../test.cpp', '-c', '-otest.cpp.1.o']
[2/2] Linking [33mbuild/.conf_check_0e396a694ca88262c37bd00bd995813f/testbuild/sitl/testprog[0m

['/usr/lib/ccache/g++', '-fno-exceptions', '-Wl,--gc-sections', '-pthread', '-Wl,--wrap,malloc', 'test.cpp.1.o', '-otestprog', '-Wl,-Bstatic', '-Wl,-Bdynamic', '-lm']
yes
----------------------------------------
Checking for HAVE_CMATH_ISINF
==>

        #include <cmath>

        int main() {
          return std::isinf(1.0f);
        }
<==
[1/2] Compiling [32mbuild/.conf_check_99f7d390f74726009863ad584f52579c/test.cpp[0m

['/usr/lib/ccache/g++', '-Werror=implicit-fallthrough', '-fsingle-precision-constant', '-Wno-psabi', '-std=gnu++11', '-fdata-sections', '-ffunction-sections', '-fno-exceptions', '-fsigned-char', '-Wall', '-Wextra', '-Wpointer-arith', '-Wno-unused-parameter', '-Wno-missing-field-initializers', '-Wno-reorder', '-Wno-redundant-decls', '-Wno-unknown-pragmas', '-Wno-expansion-to-defined', '-Werror=cast-align', '-Werror=attributes', '-Werror=format-security', '-Werror=format-extra-args', '-Werror=enum-compare', '-Werror=format', '-Werror=array-bounds', '-Werror=uninitialized', '-Werror=init-self', '-Werror=narrowing', '-Werror=return-type', '-Werror=switch', '-Werror=sign-compare', '-Werror=type-limits', '-Werror=undef', '-Werror=unused-result', '-Werror=shadow', '-Werror=unused-value', '-Werror=unused-variable', '-Werror=delete-non-virtual-dtor', '-Wfatal-errors', '-Wno-trigraphs', '-Werror=parentheses', '-DARDUPILOT_BUILD', '-Wuninitialized', '-Warray-bounds', '-Wno-format-contains-nul', '-Werror=unused-but-set-variable', '-Werror=suggest-override', '-Werror=implicit-fallthrough', '-Werror=maybe-uninitialized', '-Werror=duplicated-cond', '-Werror=sizeof-pointer-div', '-D__AP_LINE__=__LINE__', '-DHAL_NAVEKF2_AVAILABLE=1', '-DCANARD_64_BIT=1', '-Werror=float-equal', '-Werror=missing-declarations', '-DAP_NETWORKING_ENABLED=1', '-O3', '-Werror', '-MMD', '-I../../../../modules/Micro-XRCE-DDS-Client/include', '-I../../../../modules/Micro-XRCE-DDS-Client/include/uxr/client', '-I../../../../modules/Micro-CDR/src/c', '-I../../../../modules/Micro-CDR/include', '-I../../../../modules/Micro-CDR/include/ucdr', '-DAP_BARO_PROBE_EXTERNAL_I2C_BUSES=1', '-DAP_CUSTOMCONTROL_ENABLED=1', '-DAP_DDS_ENABLED=1', '-DAP_SCRIPTING_CHECKS=1', '-DCANARD_ALLOCATE_SEM=1', '-DCANARD_ENABLE_ASSERTS=1', '-DCANARD_ENABLE_CANFD=1', '-DCANARD_ENABLE_DEADLINE=1', '-DCANARD_IFACE_ALL=3', '-DCANARD_MULTI_IFACE=1', '-DCONFIG_HAL_BOARD=HAL_BOARD_SITL', '-DCONFIG_HAL_BOARD_SUBTYPE=HAL_BOARD_SUBTYPE_NONE', '-DDRONECAN_CXX_WRAPPERS=1', '-DENABLE_HEAP=1', '-DENABLE_ONVIF=0', '-DLUA_32BITS=1', '-DUSE_USER_HELPERS=1', '-DWAF_BUILD=1', '-DPYTHONDIR="/usr/lib/python3/dist-packages"', '-DPYTHONARCHDIR="/usr/lib/python3/dist-packages"', '-D__STDC_FORMAT_MACROS=1', '-DAP_SIM_ENABLED=1', '-DHAL_WITH_SPI=1', '-DHAL_WITH_RAMTRON=1', '-DAP_OPENDRONEID_ENABLED=1', '-DAP_SIGNED_FIRMWARE=0', '-DAP_NOTIFY_LP5562_BUS=2', '-DAP_NOTIFY_LP5562_ADDR=48', '-DHAL_NUM_CAN_IFACES=2', '-DHAL_CAN_WITH_SOCKETCAN=1', '-DHAVE_FEENABLEEXCEPT=1', '-DHAVE_CMATH_ISFINITE=1', '../../test.cpp', '-c', '-otest.cpp.1.o']
[2/2] Linking [33mbuild/.conf_check_99f7d390f74726009863ad584f52579c/testbuild/sitl/testprog[0m

['/usr/lib/ccache/g++', '-fno-exceptions', '-Wl,--gc-sections', '-pthread', '-Wl,--wrap,malloc', 'test.cpp.1.o', '-otestprog', '-Wl,-Bstatic', '-Wl,-Bdynamic', '-lm']
yes
----------------------------------------
Checking for HAVE_CMATH_ISNAN
==>

        #include <cmath>

        int main() {
          return std::isnan(1.0f);
        }
<==
[1/2] Compiling [32mbuild/.conf_check_47db8d326302da6f03791ef6af5baa73/test.cpp[0m

['/usr/lib/ccache/g++', '-Werror=implicit-fallthrough', '-fsingle-precision-constant', '-Wno-psabi', '-std=gnu++11', '-fdata-sections', '-ffunction-sections', '-fno-exceptions', '-fsigned-char', '-Wall', '-Wextra', '-Wpointer-arith', '-Wno-unused-parameter', '-Wno-missing-field-initializers', '-Wno-reorder', '-Wno-redundant-decls', '-Wno-unknown-pragmas', '-Wno-expansion-to-defined', '-Werror=cast-align', '-Werror=attributes', '-Werror=format-security', '-Werror=format-extra-args', '-Werror=enum-compare', '-Werror=format', '-Werror=array-bounds', '-Werror=uninitialized', '-Werror=init-self', '-Werror=narrowing', '-Werror=return-type', '-Werror=switch', '-Werror=sign-compare', '-Werror=type-limits', '-Werror=undef', '-Werror=unused-result', '-Werror=shadow', '-Werror=unused-value', '-Werror=unused-variable', '-Werror=delete-non-virtual-dtor', '-Wfatal-errors', '-Wno-trigraphs', '-Werror=parentheses', '-DARDUPILOT_BUILD', '-Wuninitialized', '-Warray-bounds', '-Wno-format-contains-nul', '-Werror=unused-but-set-variable', '-Werror=suggest-override', '-Werror=implicit-fallthrough', '-Werror=maybe-uninitialized', '-Werror=duplicated-cond', '-Werror=sizeof-pointer-div', '-D__AP_LINE__=__LINE__', '-DHAL_NAVEKF2_AVAILABLE=1', '-DCANARD_64_BIT=1', '-Werror=float-equal', '-Werror=missing-declarations', '-DAP_NETWORKING_ENABLED=1', '-O3', '-Werror', '-MMD', '-I../../../../modules/Micro-XRCE-DDS-Client/include', '-I../../../../modules/Micro-XRCE-DDS-Client/include/uxr/client', '-I../../../../modules/Micro-CDR/src/c', '-I../../../../modules/Micro-CDR/include', '-I../../../../modules/Micro-CDR/include/ucdr', '-DAP_BARO_PROBE_EXTERNAL_I2C_BUSES=1', '-DAP_CUSTOMCONTROL_ENABLED=1', '-DAP_DDS_ENABLED=1', '-DAP_SCRIPTING_CHECKS=1', '-DCANARD_ALLOCATE_SEM=1', '-DCANARD_ENABLE_ASSERTS=1', '-DCANARD_ENABLE_CANFD=1', '-DCANARD_ENABLE_DEADLINE=1', '-DCANARD_IFACE_ALL=3', '-DCANARD_MULTI_IFACE=1', '-DCONFIG_HAL_BOARD=HAL_BOARD_SITL', '-DCONFIG_HAL_BOARD_SUBTYPE=HAL_BOARD_SUBTYPE_NONE', '-DDRONECAN_CXX_WRAPPERS=1', '-DENABLE_HEAP=1', '-DENABLE_ONVIF=0', '-DLUA_32BITS=1', '-DUSE_USER_HELPERS=1', '-DWAF_BUILD=1', '-DPYTHONDIR="/usr/lib/python3/dist-packages"', '-DPYTHONARCHDIR="/usr/lib/python3/dist-packages"', '-D__STDC_FORMAT_MACROS=1', '-DAP_SIM_ENABLED=1', '-DHAL_WITH_SPI=1', '-DHAL_WITH_RAMTRON=1', '-DAP_OPENDRONEID_ENABLED=1', '-DAP_SIGNED_FIRMWARE=0', '-DAP_NOTIFY_LP5562_BUS=2', '-DAP_NOTIFY_LP5562_ADDR=48', '-DHAL_NUM_CAN_IFACES=2', '-DHAL_CAN_WITH_SOCKETCAN=1', '-DHAVE_FEENABLEEXCEPT=1', '-DHAVE_CMATH_ISFINITE=1', '-DHAVE_CMATH_ISINF=1', '../../test.cpp', '-c', '-otest.cpp.1.o']
[2/2] Linking [33mbuild/.conf_check_47db8d326302da6f03791ef6af5baa73/testbuild/sitl/testprog[0m

['/usr/lib/ccache/g++', '-fno-exceptions', '-Wl,--gc-sections', '-pthread', '-Wl,--wrap,malloc', 'test.cpp.1.o', '-otestprog', '-Wl,-Bstatic', '-Wl,-Bdynamic', '-lm']
yes
----------------------------------------------
Checking for NEED_CMATH_ISFINITE_STD_NAMESPACE
==>

        #include <math.h>
        #include <cmath>

        using std::isfinite;

        int main() {
          return isfinite((double)1);
        }
<==
[1/2] Compiling [32mbuild/.conf_check_49872eb366127308ba7385318e708aec/test.cpp[0m

['/usr/lib/ccache/g++', '-Werror=implicit-fallthrough', '-fsingle-precision-constant', '-Wno-psabi', '-std=gnu++11', '-fdata-sections', '-ffunction-sections', '-fno-exceptions', '-fsigned-char', '-Wall', '-Wextra', '-Wpointer-arith', '-Wno-unused-parameter', '-Wno-missing-field-initializers', '-Wno-reorder', '-Wno-redundant-decls', '-Wno-unknown-pragmas', '-Wno-expansion-to-defined', '-Werror=cast-align', '-Werror=attributes', '-Werror=format-security', '-Werror=format-extra-args', '-Werror=enum-compare', '-Werror=format', '-Werror=array-bounds', '-Werror=uninitialized', '-Werror=init-self', '-Werror=narrowing', '-Werror=return-type', '-Werror=switch', '-Werror=sign-compare', '-Werror=type-limits', '-Werror=undef', '-Werror=unused-result', '-Werror=shadow', '-Werror=unused-value', '-Werror=unused-variable', '-Werror=delete-non-virtual-dtor', '-Wfatal-errors', '-Wno-trigraphs', '-Werror=parentheses', '-DARDUPILOT_BUILD', '-Wuninitialized', '-Warray-bounds', '-Wno-format-contains-nul', '-Werror=unused-but-set-variable', '-Werror=suggest-override', '-Werror=implicit-fallthrough', '-Werror=maybe-uninitialized', '-Werror=duplicated-cond', '-Werror=sizeof-pointer-div', '-D__AP_LINE__=__LINE__', '-DHAL_NAVEKF2_AVAILABLE=1', '-DCANARD_64_BIT=1', '-Werror=float-equal', '-Werror=missing-declarations', '-DAP_NETWORKING_ENABLED=1', '-O3', '-Werror', '-MMD', '-I../../../../modules/Micro-XRCE-DDS-Client/include', '-I../../../../modules/Micro-XRCE-DDS-Client/include/uxr/client', '-I../../../../modules/Micro-CDR/src/c', '-I../../../../modules/Micro-CDR/include', '-I../../../../modules/Micro-CDR/include/ucdr', '-DAP_BARO_PROBE_EXTERNAL_I2C_BUSES=1', '-DAP_CUSTOMCONTROL_ENABLED=1', '-DAP_DDS_ENABLED=1', '-DAP_SCRIPTING_CHECKS=1', '-DCANARD_ALLOCATE_SEM=1', '-DCANARD_ENABLE_ASSERTS=1', '-DCANARD_ENABLE_CANFD=1', '-DCANARD_ENABLE_DEADLINE=1', '-DCANARD_IFACE_ALL=3', '-DCANARD_MULTI_IFACE=1', '-DCONFIG_HAL_BOARD=HAL_BOARD_SITL', '-DCONFIG_HAL_BOARD_SUBTYPE=HAL_BOARD_SUBTYPE_NONE', '-DDRONECAN_CXX_WRAPPERS=1', '-DENABLE_HEAP=1', '-DENABLE_ONVIF=0', '-DLUA_32BITS=1', '-DUSE_USER_HELPERS=1', '-DWAF_BUILD=1', '-DPYTHONDIR="/usr/lib/python3/dist-packages"', '-DPYTHONARCHDIR="/usr/lib/python3/dist-packages"', '-D__STDC_FORMAT_MACROS=1', '-DAP_SIM_ENABLED=1', '-DHAL_WITH_SPI=1', '-DHAL_WITH_RAMTRON=1', '-DAP_OPENDRONEID_ENABLED=1', '-DAP_SIGNED_FIRMWARE=0', '-DAP_NOTIFY_LP5562_BUS=2', '-DAP_NOTIFY_LP5562_ADDR=48', '-DHAL_NUM_CAN_IFACES=2', '-DHAL_CAN_WITH_SOCKETCAN=1', '-DHAVE_FEENABLEEXCEPT=1', '-DHAVE_CMATH_ISFINITE=1', '-DHAVE_CMATH_ISINF=1', '-DHAVE_CMATH_ISNAN=1', '../../test.cpp', '-c', '-otest.cpp.1.o']
[2/2] Linking [33mbuild/.conf_check_49872eb366127308ba7385318e708aec/testbuild/sitl/testprog[0m

['/usr/lib/ccache/g++', '-fno-exceptions', '-Wl,--gc-sections', '-pthread', '-Wl,--wrap,malloc', 'test.cpp.1.o', '-otestprog', '-Wl,-Bstatic', '-Wl,-Bdynamic', '-lm']
yes
----------------------------------------------
Checking for NEED_CMATH_ISINF_STD_NAMESPACE
==>

        #include <math.h>
        #include <cmath>

        using std::isinf;

        int main() {
          return isinf((double)1);
        }
<==
[1/2] Compiling [32mbuild/.conf_check_8518bc6930993d0e1c2551bf524dd33a/test.cpp[0m

['/usr/lib/ccache/g++', '-Werror=implicit-fallthrough', '-fsingle-precision-constant', '-Wno-psabi', '-std=gnu++11', '-fdata-sections', '-ffunction-sections', '-fno-exceptions', '-fsigned-char', '-Wall', '-Wextra', '-Wpointer-arith', '-Wno-unused-parameter', '-Wno-missing-field-initializers', '-Wno-reorder', '-Wno-redundant-decls', '-Wno-unknown-pragmas', '-Wno-expansion-to-defined', '-Werror=cast-align', '-Werror=attributes', '-Werror=format-security', '-Werror=format-extra-args', '-Werror=enum-compare', '-Werror=format', '-Werror=array-bounds', '-Werror=uninitialized', '-Werror=init-self', '-Werror=narrowing', '-Werror=return-type', '-Werror=switch', '-Werror=sign-compare', '-Werror=type-limits', '-Werror=undef', '-Werror=unused-result', '-Werror=shadow', '-Werror=unused-value', '-Werror=unused-variable', '-Werror=delete-non-virtual-dtor', '-Wfatal-errors', '-Wno-trigraphs', '-Werror=parentheses', '-DARDUPILOT_BUILD', '-Wuninitialized', '-Warray-bounds', '-Wno-format-contains-nul', '-Werror=unused-but-set-variable', '-Werror=suggest-override', '-Werror=implicit-fallthrough', '-Werror=maybe-uninitialized', '-Werror=duplicated-cond', '-Werror=sizeof-pointer-div', '-D__AP_LINE__=__LINE__', '-DHAL_NAVEKF2_AVAILABLE=1', '-DCANARD_64_BIT=1', '-Werror=float-equal', '-Werror=missing-declarations', '-DAP_NETWORKING_ENABLED=1', '-O3', '-Werror', '-MMD', '-I../../../../modules/Micro-XRCE-DDS-Client/include', '-I../../../../modules/Micro-XRCE-DDS-Client/include/uxr/client', '-I../../../../modules/Micro-CDR/src/c', '-I../../../../modules/Micro-CDR/include', '-I../../../../modules/Micro-CDR/include/ucdr', '-DAP_BARO_PROBE_EXTERNAL_I2C_BUSES=1', '-DAP_CUSTOMCONTROL_ENABLED=1', '-DAP_DDS_ENABLED=1', '-DAP_SCRIPTING_CHECKS=1', '-DCANARD_ALLOCATE_SEM=1', '-DCANARD_ENABLE_ASSERTS=1', '-DCANARD_ENABLE_CANFD=1', '-DCANARD_ENABLE_DEADLINE=1', '-DCANARD_IFACE_ALL=3', '-DCANARD_MULTI_IFACE=1', '-DCONFIG_HAL_BOARD=HAL_BOARD_SITL', '-DCONFIG_HAL_BOARD_SUBTYPE=HAL_BOARD_SUBTYPE_NONE', '-DDRONECAN_CXX_WRAPPERS=1', '-DENABLE_HEAP=1', '-DENABLE_ONVIF=0', '-DLUA_32BITS=1', '-DUSE_USER_HELPERS=1', '-DWAF_BUILD=1', '-DPYTHONDIR="/usr/lib/python3/dist-packages"', '-DPYTHONARCHDIR="/usr/lib/python3/dist-packages"', '-D__STDC_FORMAT_MACROS=1', '-DAP_SIM_ENABLED=1', '-DHAL_WITH_SPI=1', '-DHAL_WITH_RAMTRON=1', '-DAP_OPENDRONEID_ENABLED=1', '-DAP_SIGNED_FIRMWARE=0', '-DAP_NOTIFY_LP5562_BUS=2', '-DAP_NOTIFY_LP5562_ADDR=48', '-DHAL_NUM_CAN_IFACES=2', '-DHAL_CAN_WITH_SOCKETCAN=1', '-DHAVE_FEENABLEEXCEPT=1', '-DHAVE_CMATH_ISFINITE=1', '-DHAVE_CMATH_ISINF=1', '-DHAVE_CMATH_ISNAN=1', '-DNEED_CMATH_ISFINITE_STD_NAMESPACE=1', '../../test.cpp', '-c', '-otest.cpp.1.o']
[2/2] Linking [33mbuild/.conf_check_8518bc6930993d0e1c2551bf524dd33a/testbuild/sitl/testprog[0m

['/usr/lib/ccache/g++', '-fno-exceptions', '-Wl,--gc-sections', '-pthread', '-Wl,--wrap,malloc', 'test.cpp.1.o', '-otestprog', '-Wl,-Bstatic', '-Wl,-Bdynamic', '-lm']
yes
----------------------------------------------
Checking for NEED_CMATH_ISNAN_STD_NAMESPACE
==>

        #include <math.h>
        #include <cmath>

        using std::isnan;

        int main() {
          return isnan((double)1);
        }
<==
[1/2] Compiling [32mbuild/.conf_check_50b72099b858cba3124f4f0d5307b76e/test.cpp[0m

['/usr/lib/ccache/g++', '-Werror=implicit-fallthrough', '-fsingle-precision-constant', '-Wno-psabi', '-std=gnu++11', '-fdata-sections', '-ffunction-sections', '-fno-exceptions', '-fsigned-char', '-Wall', '-Wextra', '-Wpointer-arith', '-Wno-unused-parameter', '-Wno-missing-field-initializers', '-Wno-reorder', '-Wno-redundant-decls', '-Wno-unknown-pragmas', '-Wno-expansion-to-defined', '-Werror=cast-align', '-Werror=attributes', '-Werror=format-security', '-Werror=format-extra-args', '-Werror=enum-compare', '-Werror=format', '-Werror=array-bounds', '-Werror=uninitialized', '-Werror=init-self', '-Werror=narrowing', '-Werror=return-type', '-Werror=switch', '-Werror=sign-compare', '-Werror=type-limits', '-Werror=undef', '-Werror=unused-result', '-Werror=shadow', '-Werror=unused-value', '-Werror=unused-variable', '-Werror=delete-non-virtual-dtor', '-Wfatal-errors', '-Wno-trigraphs', '-Werror=parentheses', '-DARDUPILOT_BUILD', '-Wuninitialized', '-Warray-bounds', '-Wno-format-contains-nul', '-Werror=unused-but-set-variable', '-Werror=suggest-override', '-Werror=implicit-fallthrough', '-Werror=maybe-uninitialized', '-Werror=duplicated-cond', '-Werror=sizeof-pointer-div', '-D__AP_LINE__=__LINE__', '-DHAL_NAVEKF2_AVAILABLE=1', '-DCANARD_64_BIT=1', '-Werror=float-equal', '-Werror=missing-declarations', '-DAP_NETWORKING_ENABLED=1', '-O3', '-Werror', '-MMD', '-I../../../../modules/Micro-XRCE-DDS-Client/include', '-I../../../../modules/Micro-XRCE-DDS-Client/include/uxr/client', '-I../../../../modules/Micro-CDR/src/c', '-I../../../../modules/Micro-CDR/include', '-I../../../../modules/Micro-CDR/include/ucdr', '-DAP_BARO_PROBE_EXTERNAL_I2C_BUSES=1', '-DAP_CUSTOMCONTROL_ENABLED=1', '-DAP_DDS_ENABLED=1', '-DAP_SCRIPTING_CHECKS=1', '-DCANARD_ALLOCATE_SEM=1', '-DCANARD_ENABLE_ASSERTS=1', '-DCANARD_ENABLE_CANFD=1', '-DCANARD_ENABLE_DEADLINE=1', '-DCANARD_IFACE_ALL=3', '-DCANARD_MULTI_IFACE=1', '-DCONFIG_HAL_BOARD=HAL_BOARD_SITL', '-DCONFIG_HAL_BOARD_SUBTYPE=HAL_BOARD_SUBTYPE_NONE', '-DDRONECAN_CXX_WRAPPERS=1', '-DENABLE_HEAP=1', '-DENABLE_ONVIF=0', '-DLUA_32BITS=1', '-DUSE_USER_HELPERS=1', '-DWAF_BUILD=1', '-DPYTHONDIR="/usr/lib/python3/dist-packages"', '-DPYTHONARCHDIR="/usr/lib/python3/dist-packages"', '-D__STDC_FORMAT_MACROS=1', '-DAP_SIM_ENABLED=1', '-DHAL_WITH_SPI=1', '-DHAL_WITH_RAMTRON=1', '-DAP_OPENDRONEID_ENABLED=1', '-DAP_SIGNED_FIRMWARE=0', '-DAP_NOTIFY_LP5562_BUS=2', '-DAP_NOTIFY_LP5562_ADDR=48', '-DHAL_NUM_CAN_IFACES=2', '-DHAL_CAN_WITH_SOCKETCAN=1', '-DHAVE_FEENABLEEXCEPT=1', '-DHAVE_CMATH_ISFINITE=1', '-DHAVE_CMATH_ISINF=1', '-DHAVE_CMATH_ISNAN=1', '-DNEED_CMATH_ISFINITE_STD_NAMESPACE=1', '-DNEED_CMATH_ISINF_STD_NAMESPACE=1', '../../test.cpp', '-c', '-otest.cpp.1.o']
[2/2] Linking [33mbuild/.conf_check_50b72099b858cba3124f4f0d5307b76e/testbuild/sitl/testprog[0m

['/usr/lib/ccache/g++', '-fno-exceptions', '-Wl,--gc-sections', '-pthread', '-Wl,--wrap,malloc', 'test.cpp.1.o', '-otestprog', '-Wl,-Bstatic', '-Wl,-Bdynamic', '-lm']
yes
----------------------------------------------
Checking for header endian.h
==>
#include <endian.h>

int main(int argc, char **argv) {
	(void)argc; (void)argv;
	return 0;
}

<==
[1/2] Compiling [32mbuild/.conf_check_bd391e3de900be89f8f8b822809319e1/test.cpp[0m

['/usr/lib/ccache/g++', '-Werror=implicit-fallthrough', '-fsingle-precision-constant', '-Wno-psabi', '-std=gnu++11', '-fdata-sections', '-ffunction-sections', '-fno-exceptions', '-fsigned-char', '-Wall', '-Wextra', '-Wpointer-arith', '-Wno-unused-parameter', '-Wno-missing-field-initializers', '-Wno-reorder', '-Wno-redundant-decls', '-Wno-unknown-pragmas', '-Wno-expansion-to-defined', '-Werror=cast-align', '-Werror=attributes', '-Werror=format-security', '-Werror=format-extra-args', '-Werror=enum-compare', '-Werror=format', '-Werror=array-bounds', '-Werror=uninitialized', '-Werror=init-self', '-Werror=narrowing', '-Werror=return-type', '-Werror=switch', '-Werror=sign-compare', '-Werror=type-limits', '-Werror=undef', '-Werror=unused-result', '-Werror=shadow', '-Werror=unused-value', '-Werror=unused-variable', '-Werror=delete-non-virtual-dtor', '-Wfatal-errors', '-Wno-trigraphs', '-Werror=parentheses', '-DARDUPILOT_BUILD', '-Wuninitialized', '-Warray-bounds', '-Wno-format-contains-nul', '-Werror=unused-but-set-variable', '-Werror=suggest-override', '-Werror=implicit-fallthrough', '-Werror=maybe-uninitialized', '-Werror=duplicated-cond', '-Werror=sizeof-pointer-div', '-D__AP_LINE__=__LINE__', '-DHAL_NAVEKF2_AVAILABLE=1', '-DCANARD_64_BIT=1', '-Werror=float-equal', '-Werror=missing-declarations', '-DAP_NETWORKING_ENABLED=1', '-O3', '-Werror', '-MMD', '-I../../../../modules/Micro-XRCE-DDS-Client/include', '-I../../../../modules/Micro-XRCE-DDS-Client/include/uxr/client', '-I../../../../modules/Micro-CDR/src/c', '-I../../../../modules/Micro-CDR/include', '-I../../../../modules/Micro-CDR/include/ucdr', '-DAP_BARO_PROBE_EXTERNAL_I2C_BUSES=1', '-DAP_CUSTOMCONTROL_ENABLED=1', '-DAP_DDS_ENABLED=1', '-DAP_SCRIPTING_CHECKS=1', '-DCANARD_ALLOCATE_SEM=1', '-DCANARD_ENABLE_ASSERTS=1', '-DCANARD_ENABLE_CANFD=1', '-DCANARD_ENABLE_DEADLINE=1', '-DCANARD_IFACE_ALL=3', '-DCANARD_MULTI_IFACE=1', '-DCONFIG_HAL_BOARD=HAL_BOARD_SITL', '-DCONFIG_HAL_BOARD_SUBTYPE=HAL_BOARD_SUBTYPE_NONE', '-DDRONECAN_CXX_WRAPPERS=1', '-DENABLE_HEAP=1', '-DENABLE_ONVIF=0', '-DLUA_32BITS=1', '-DUSE_USER_HELPERS=1', '-DWAF_BUILD=1', '-DPYTHONDIR="/usr/lib/python3/dist-packages"', '-DPYTHONARCHDIR="/usr/lib/python3/dist-packages"', '-D__STDC_FORMAT_MACROS=1', '-DAP_SIM_ENABLED=1', '-DHAL_WITH_SPI=1', '-DHAL_WITH_RAMTRON=1', '-DAP_OPENDRONEID_ENABLED=1', '-DAP_SIGNED_FIRMWARE=0', '-DAP_NOTIFY_LP5562_BUS=2', '-DAP_NOTIFY_LP5562_ADDR=48', '-DHAL_NUM_CAN_IFACES=2', '-DHAL_CAN_WITH_SOCKETCAN=1', '-DHAVE_FEENABLEEXCEPT=1', '-DHAVE_CMATH_ISFINITE=1', '-DHAVE_CMATH_ISINF=1', '-DHAVE_CMATH_ISNAN=1', '-DNEED_CMATH_ISFINITE_STD_NAMESPACE=1', '-DNEED_CMATH_ISINF_STD_NAMESPACE=1', '-DNEED_CMATH_ISNAN_STD_NAMESPACE=1', '../../test.cpp', '-c', '-otest.cpp.1.o']
[2/2] Linking [33mbuild/.conf_check_bd391e3de900be89f8f8b822809319e1/testbuild/sitl/testprog[0m

['/usr/lib/ccache/g++', '-fno-exceptions', '-Wl,--gc-sections', '-pthread', '-Wl,--wrap,malloc', 'test.cpp.1.o', '-otestprog', '-Wl,-Bstatic', '-Wl,-Bdynamic', '-lm']
yes
----------------------------------------------
Checking for header byteswap.h
==>
#include <byteswap.h>

int main(int argc, char **argv) {
	(void)argc; (void)argv;
	return 0;
}

<==
[1/2] Compiling [32mbuild/.conf_check_0de81306bc70e169aeba0a86e3d67d7d/test.cpp[0m

['/usr/lib/ccache/g++', '-Werror=implicit-fallthrough', '-fsingle-precision-constant', '-Wno-psabi', '-std=gnu++11', '-fdata-sections', '-ffunction-sections', '-fno-exceptions', '-fsigned-char', '-Wall', '-Wextra', '-Wpointer-arith', '-Wno-unused-parameter', '-Wno-missing-field-initializers', '-Wno-reorder', '-Wno-redundant-decls', '-Wno-unknown-pragmas', '-Wno-expansion-to-defined', '-Werror=cast-align', '-Werror=attributes', '-Werror=format-security', '-Werror=format-extra-args', '-Werror=enum-compare', '-Werror=format', '-Werror=array-bounds', '-Werror=uninitialized', '-Werror=init-self', '-Werror=narrowing', '-Werror=return-type', '-Werror=switch', '-Werror=sign-compare', '-Werror=type-limits', '-Werror=undef', '-Werror=unused-result', '-Werror=shadow', '-Werror=unused-value', '-Werror=unused-variable', '-Werror=delete-non-virtual-dtor', '-Wfatal-errors', '-Wno-trigraphs', '-Werror=parentheses', '-DARDUPILOT_BUILD', '-Wuninitialized', '-Warray-bounds', '-Wno-format-contains-nul', '-Werror=unused-but-set-variable', '-Werror=suggest-override', '-Werror=implicit-fallthrough', '-Werror=maybe-uninitialized', '-Werror=duplicated-cond', '-Werror=sizeof-pointer-div', '-D__AP_LINE__=__LINE__', '-DHAL_NAVEKF2_AVAILABLE=1', '-DCANARD_64_BIT=1', '-Werror=float-equal', '-Werror=missing-declarations', '-DAP_NETWORKING_ENABLED=1', '-O3', '-Werror', '-MMD', '-I../../../../modules/Micro-XRCE-DDS-Client/include', '-I../../../../modules/Micro-XRCE-DDS-Client/include/uxr/client', '-I../../../../modules/Micro-CDR/src/c', '-I../../../../modules/Micro-CDR/include', '-I../../../../modules/Micro-CDR/include/ucdr', '-DAP_BARO_PROBE_EXTERNAL_I2C_BUSES=1', '-DAP_CUSTOMCONTROL_ENABLED=1', '-DAP_DDS_ENABLED=1', '-DAP_SCRIPTING_CHECKS=1', '-DCANARD_ALLOCATE_SEM=1', '-DCANARD_ENABLE_ASSERTS=1', '-DCANARD_ENABLE_CANFD=1', '-DCANARD_ENABLE_DEADLINE=1', '-DCANARD_IFACE_ALL=3', '-DCANARD_MULTI_IFACE=1', '-DCONFIG_HAL_BOARD=HAL_BOARD_SITL', '-DCONFIG_HAL_BOARD_SUBTYPE=HAL_BOARD_SUBTYPE_NONE', '-DDRONECAN_CXX_WRAPPERS=1', '-DENABLE_HEAP=1', '-DENABLE_ONVIF=0', '-DLUA_32BITS=1', '-DUSE_USER_HELPERS=1', '-DWAF_BUILD=1', '-DPYTHONDIR="/usr/lib/python3/dist-packages"', '-DPYTHONARCHDIR="/usr/lib/python3/dist-packages"', '-D__STDC_FORMAT_MACROS=1', '-DAP_SIM_ENABLED=1', '-DHAL_WITH_SPI=1', '-DHAL_WITH_RAMTRON=1', '-DAP_OPENDRONEID_ENABLED=1', '-DAP_SIGNED_FIRMWARE=0', '-DAP_NOTIFY_LP5562_BUS=2', '-DAP_NOTIFY_LP5562_ADDR=48', '-DHAL_NUM_CAN_IFACES=2', '-DHAL_CAN_WITH_SOCKETCAN=1', '-DHAVE_FEENABLEEXCEPT=1', '-DHAVE_CMATH_ISFINITE=1', '-DHAVE_CMATH_ISINF=1', '-DHAVE_CMATH_ISNAN=1', '-DNEED_CMATH_ISFINITE_STD_NAMESPACE=1', '-DNEED_CMATH_ISINF_STD_NAMESPACE=1', '-DNEED_CMATH_ISNAN_STD_NAMESPACE=1', '-DHAVE_ENDIAN_H=1', '../../test.cpp', '-c', '-otest.cpp.1.o']
[2/2] Linking [33mbuild/.conf_check_0de81306bc70e169aeba0a86e3d67d7d/testbuild/sitl/testprog[0m

['/usr/lib/ccache/g++', '-fno-exceptions', '-Wl,--gc-sections', '-pthread', '-Wl,--wrap,malloc', 'test.cpp.1.o', '-otestprog', '-Wl,-Bstatic', '-Wl,-Bdynamic', '-lm']
yes
----------------------------------------------
Checking for HAVE_MEMRCHR
==>

        #include <string.h>
        int main() {
        const char *s = "abc";
          return memrchr((const void *)s, 0, 3) != NULL;
        }
<==
[1/2] Compiling [32mbuild/.conf_check_7cbd1c2b1b8907050d7fd15e841f3c26/test.cpp[0m

['/usr/lib/ccache/g++', '-Werror=implicit-fallthrough', '-fsingle-precision-constant', '-Wno-psabi', '-std=gnu++11', '-fdata-sections', '-ffunction-sections', '-fno-exceptions', '-fsigned-char', '-Wall', '-Wextra', '-Wpointer-arith', '-Wno-unused-parameter', '-Wno-missing-field-initializers', '-Wno-reorder', '-Wno-redundant-decls', '-Wno-unknown-pragmas', '-Wno-expansion-to-defined', '-Werror=cast-align', '-Werror=attributes', '-Werror=format-security', '-Werror=format-extra-args', '-Werror=enum-compare', '-Werror=format', '-Werror=array-bounds', '-Werror=uninitialized', '-Werror=init-self', '-Werror=narrowing', '-Werror=return-type', '-Werror=switch', '-Werror=sign-compare', '-Werror=type-limits', '-Werror=undef', '-Werror=unused-result', '-Werror=shadow', '-Werror=unused-value', '-Werror=unused-variable', '-Werror=delete-non-virtual-dtor', '-Wfatal-errors', '-Wno-trigraphs', '-Werror=parentheses', '-DARDUPILOT_BUILD', '-Wuninitialized', '-Warray-bounds', '-Wno-format-contains-nul', '-Werror=unused-but-set-variable', '-Werror=suggest-override', '-Werror=implicit-fallthrough', '-Werror=maybe-uninitialized', '-Werror=duplicated-cond', '-Werror=sizeof-pointer-div', '-D__AP_LINE__=__LINE__', '-DHAL_NAVEKF2_AVAILABLE=1', '-DCANARD_64_BIT=1', '-Werror=float-equal', '-Werror=missing-declarations', '-DAP_NETWORKING_ENABLED=1', '-O3', '-Werror', '-MMD', '-I../../../../modules/Micro-XRCE-DDS-Client/include', '-I../../../../modules/Micro-XRCE-DDS-Client/include/uxr/client', '-I../../../../modules/Micro-CDR/src/c', '-I../../../../modules/Micro-CDR/include', '-I../../../../modules/Micro-CDR/include/ucdr', '-DAP_BARO_PROBE_EXTERNAL_I2C_BUSES=1', '-DAP_CUSTOMCONTROL_ENABLED=1', '-DAP_DDS_ENABLED=1', '-DAP_SCRIPTING_CHECKS=1', '-DCANARD_ALLOCATE_SEM=1', '-DCANARD_ENABLE_ASSERTS=1', '-DCANARD_ENABLE_CANFD=1', '-DCANARD_ENABLE_DEADLINE=1', '-DCANARD_IFACE_ALL=3', '-DCANARD_MULTI_IFACE=1', '-DCONFIG_HAL_BOARD=HAL_BOARD_SITL', '-DCONFIG_HAL_BOARD_SUBTYPE=HAL_BOARD_SUBTYPE_NONE', '-DDRONECAN_CXX_WRAPPERS=1', '-DENABLE_HEAP=1', '-DENABLE_ONVIF=0', '-DLUA_32BITS=1', '-DUSE_USER_HELPERS=1', '-DWAF_BUILD=1', '-DPYTHONDIR="/usr/lib/python3/dist-packages"', '-DPYTHONARCHDIR="/usr/lib/python3/dist-packages"', '-D__STDC_FORMAT_MACROS=1', '-DAP_SIM_ENABLED=1', '-DHAL_WITH_SPI=1', '-DHAL_WITH_RAMTRON=1', '-DAP_OPENDRONEID_ENABLED=1', '-DAP_SIGNED_FIRMWARE=0', '-DAP_NOTIFY_LP5562_BUS=2', '-DAP_NOTIFY_LP5562_ADDR=48', '-DHAL_NUM_CAN_IFACES=2', '-DHAL_CAN_WITH_SOCKETCAN=1', '-DHAVE_FEENABLEEXCEPT=1', '-DHAVE_CMATH_ISFINITE=1', '-DHAVE_CMATH_ISINF=1', '-DHAVE_CMATH_ISNAN=1', '-DNEED_CMATH_ISFINITE_STD_NAMESPACE=1', '-DNEED_CMATH_ISINF_STD_NAMESPACE=1', '-DNEED_CMATH_ISNAN_STD_NAMESPACE=1', '-DHAVE_ENDIAN_H=1', '-DHAVE_BYTESWAP_H=1', '../../test.cpp', '-c', '-otest.cpp.1.o']
[2/2] Linking [33mbuild/.conf_check_7cbd1c2b1b8907050d7fd15e841f3c26/testbuild/sitl/testprog[0m

['/usr/lib/ccache/g++', '-fno-exceptions', '-Wl,--gc-sections', '-pthread', '-Wl,--wrap,malloc', 'test.cpp.1.o', '-otestprog', '-Wl,-Bstatic', '-Wl,-Bdynamic', '-lm']
yes
----------------------------------------------
Configured VSCode Intellisense:
no
----------------------------------------------
DC_DSDL compiler
/home/lavanya/ros2_ws/src/ardupilot/modules/DroneCAN/dronecan_dsdlc/dronecan_dsdlc.py
----------------------------------------------
Source is git repository
yes
----------------------------------------------
Update submodules
yes
----------------------------------------------
Checking for program 'git'
/usr/bin/git
find program=['git'] paths=['/home/lavanya/ros2_ws/install/ardupilot_sitl/bin', '/opt/ros/humble/bin', '/usr/lib/ccache', '/home/lavanya/ardupilot/Tools/autotest', '/opt/gcc-arm-none-eabi-10-2020-q4-major/bin', '/home/lavanya/.local/bin', '/usr/local/sbin', '/usr/local/bin', '/usr/sbin', '/usr/bin', '/sbin', '/bin', '/usr/games', '/usr/local/games', '/snap/bin', '/snap/bin', '/home/lavanya/ros2_ws/Micro-XRCE-DDS-Gen/scripts', '/home/lavanya/ros2_ws/Micro-XRCE-DDS-Gen/scripts', '/path/to/mavproxy'] var='GIT' -> ['/usr/bin/git']
----------------------------------------------
Checking for program 'size'
/usr/bin/size
find program=['size'] paths=['/home/lavanya/ros2_ws/install/ardupilot_sitl/bin', '/opt/ros/humble/bin', '/usr/lib/ccache', '/home/lavanya/ardupilot/Tools/autotest', '/opt/gcc-arm-none-eabi-10-2020-q4-major/bin', '/home/lavanya/.local/bin', '/usr/local/sbin', '/usr/local/bin', '/usr/sbin', '/usr/bin', '/sbin', '/bin', '/usr/games', '/usr/local/games', '/snap/bin', '/snap/bin', '/home/lavanya/ros2_ws/Micro-XRCE-DDS-Gen/scripts', '/home/lavanya/ros2_ws/Micro-XRCE-DDS-Gen/scripts', '/path/to/mavproxy'] var='SIZE' -> ['/usr/bin/size']
----------------------------------------------
Benchmarks
disabled
----------------------------------------------
Unit tests
enabled
----------------------------------------------
Scripting
maybe
----------------------------------------------
Scripting runtime checks
enabled
----------------------------------------------
Debug build
disabled
----------------------------------------------
Coverage build
disabled
----------------------------------------------
Force 32-bit build
disabled
----------------------------------------------
Checking for program 'rsync'
/usr/bin/rsync
find program=['rsync'] paths=['/home/lavanya/ros2_ws/install/ardupilot_sitl/bin', '/opt/ros/humble/bin', '/usr/lib/ccache', '/home/lavanya/ardupilot/Tools/autotest', '/opt/gcc-arm-none-eabi-10-2020-q4-major/bin', '/home/lavanya/.local/bin', '/usr/local/sbin', '/usr/local/bin', '/usr/sbin', '/usr/bin', '/sbin', '/bin', '/usr/games', '/usr/local/games', '/snap/bin', '/snap/bin', '/home/lavanya/ros2_ws/Micro-XRCE-DDS-Gen/scripts', '/home/lavanya/ros2_ws/Micro-XRCE-DDS-Gen/scripts', '/path/to/mavproxy'] var='RSYNC' -> ['/usr/bin/rsync']
